<?xml version="1.0" encoding="UTF-8"?>
<!-- Generated by org.testng.reporters.JUnitXMLReporter -->
<testsuite ignored="6" hostname="WINDOWS-HP1SH4U" failures="0" tests="17" name="Test" time="85.012" errors="0" timestamp="2023-04-09T18:19:40 IST">
  <testcase classname="testCases.ProfileTestCases" name="profileEndToEnd" time="7.082"/>
  <testcase classname="testCases.HistoryTestCases" name="HistoryEndToEnd" time="2.827"/>
  <testcase classname="testCases.HistoryTestCases" name="addingAppointmtDisplyInHisty" time="3.658"/>
  <testcase classname="testCases.MakeAppointmentTestCase" name="makeAppointmentEndToEnd" time="3.945"/>
  <testcase classname="testCases.MakeAppointmentTestCase" name="makeAppointmentEndToEndAlternetFlow" time="4.801"/>
  <testcase classname="testCases.LogInTestCases" name="homePageEndToEndBasicFlow" time="2.409"/>
  <testcase classname="testCases.LogInTestCases" name="homePageEndToEndWithAlternetFlow" time="4.287"/>
  <testcase classname="testCases.LogInTestCases" name="verifyTheLogo" time="0.631"/>
  <testcase classname="testCases.LogInTestCases" name="verifyUserWithInvalidData" time="4.08"/>
  <testcase classname="testCases.LogInTestCases" name="verifyUserWithInvalidData" time="3.791"/>
  <testcase classname="testCases.LogInTestCases" name="verifyUserWithInvalidData" time="1.811"/>
  <testcase classname="testCases.LogInTestCases" name="verifyUserWithInvalidData" time="1.839"/>
  <testcase classname="testCases.LogInTestCases" name="verifyUserWithInvalidData" time="1.845"/>
  <testcase classname="testCases.LogInTestCases" name="verifyUserWithInvalidData" time="3.841"/>
  <testcase classname="testCases.LogInTestCases" name="verifyUserWithInvalidData" time="2.464"/>
  <testcase classname="testCases.LogInTestCases" name="verifyUserWithInvalidData" time="2.917"/>
  <testcase classname="testCases.LogInTestCases" name="verifyWithValidUser" time="4.246"/>
  <testcase classname="utility.Base" name="@AfterTest tear" time="0.0">
    <ignored/>
  </testcase> <!-- @AfterTest tear -->
  <testcase classname="utility.Base" name="@AfterTest tear" time="0.0">
    <ignored/>
  </testcase> <!-- @AfterTest tear -->
  <testcase classname="utility.Base" name="@AfterTest tear" time="0.0">
    <ignored/>
  </testcase> <!-- @AfterTest tear -->
  <testcase classname="utility.Base" name="@BeforeTest setup" time="0.0">
    <ignored/>
  </testcase> <!-- @BeforeTest setup -->
  <testcase classname="utility.Base" name="@BeforeTest setup" time="0.0">
    <ignored/>
  </testcase> <!-- @BeforeTest setup -->
  <testcase classname="utility.Base" name="@BeforeTest setup" time="0.0">
    <ignored/>
  </testcase> <!-- @BeforeTest setup -->
</testsuite> <!-- Test -->
