<?xml version="1.0" encoding="UTF-8"?>
<testng-results ignored="6" total="23" passed="17" failed="0" skipped="0">
  <reporter-output>
  </reporter-output>
  <suite started-at="2023-04-09T18:18:12 IST" name="HealthCura" finished-at="2023-04-09T18:19:37 IST" duration-ms="85012">
    <groups>
    </groups>
    <test started-at="2023-04-09T18:18:12 IST" name="Test" finished-at="2023-04-09T18:19:37 IST" duration-ms="85012">
      <class name="testCases.ProfileTestCases">
        <test-method is-config="true" signature="setup()[pri:0, instance:testCases.ProfileTestCases@333291e3]" started-at="2023-04-09T18:18:13 IST" name="setup" finished-at="2023-04-09T18:18:28 IST" duration-ms="15080" status="PASS">
          <reporter-output>
          </reporter-output>
        </test-method> <!-- setup -->
        <test-method signature="profileEndToEnd()[pri:0, instance:testCases.ProfileTestCases@333291e3]" started-at="2023-04-09T18:18:28 IST" name="profileEndToEnd" description="Profile Page End To End Test Case " finished-at="2023-04-09T18:18:36 IST" duration-ms="7082" status="PASS">
          <reporter-output>
          </reporter-output>
        </test-method> <!-- profileEndToEnd -->
        <test-method is-config="true" signature="tear()[pri:0, instance:testCases.ProfileTestCases@333291e3]" started-at="2023-04-09T18:19:32 IST" name="tear" finished-at="2023-04-09T18:19:37 IST" duration-ms="5797" status="PASS">
          <reporter-output>
          </reporter-output>
        </test-method> <!-- tear -->
      </class> <!-- testCases.ProfileTestCases -->
      <class name="testCases.LogInTestCases">
        <test-method signature="homePageEndToEndBasicFlow()[pri:0, instance:testCases.LogInTestCases@384ad17b]" started-at="2023-04-09T18:18:51 IST" name="homePageEndToEndBasicFlow" description="Home Page End To End Test Case Basic Flow" finished-at="2023-04-09T18:18:53 IST" duration-ms="2409" status="PASS">
          <reporter-output>
          </reporter-output>
        </test-method> <!-- homePageEndToEndBasicFlow -->
        <test-method signature="homePageEndToEndWithAlternetFlow()[pri:0, instance:testCases.LogInTestCases@384ad17b]" started-at="2023-04-09T18:18:53 IST" name="homePageEndToEndWithAlternetFlow" description="Home Page End To End Test Case with Alternet Flow" finished-at="2023-04-09T18:18:58 IST" duration-ms="4287" status="PASS">
          <reporter-output>
          </reporter-output>
        </test-method> <!-- homePageEndToEndWithAlternetFlow -->
        <test-method signature="verifyTheLogo()[pri:0, instance:testCases.LogInTestCases@384ad17b]" started-at="2023-04-09T18:18:58 IST" name="verifyTheLogo" description="Verify The Logo" finished-at="2023-04-09T18:18:58 IST" duration-ms="631" status="PASS">
          <reporter-output>
          </reporter-output>
        </test-method> <!-- verifyTheLogo -->
        <test-method signature="verifyUserWithInvalidData(java.lang.String,java.lang.String)[pri:0, instance:testCases.LogInTestCases@384ad17b]" started-at="2023-04-09T18:19:05 IST" name="verifyUserWithInvalidData" description="verify with invalid crediantial" data-provider="readData" finished-at="2023-04-09T18:19:09 IST" duration-ms="4080" status="PASS">
          <params>
            <param index="0">
              <value>
                <![CDATA[Admin]]>
              </value>
            </param>
            <param index="1">
              <value>
                <![CDATA[admin123]]>
              </value>
            </param>
          </params>
          <reporter-output>
          </reporter-output>
        </test-method> <!-- verifyUserWithInvalidData -->
        <test-method signature="verifyUserWithInvalidData(java.lang.String,java.lang.String)[pri:0, instance:testCases.LogInTestCases@384ad17b]" started-at="2023-04-09T18:19:09 IST" name="verifyUserWithInvalidData" description="verify with invalid crediantial" data-provider="readData" finished-at="2023-04-09T18:19:13 IST" duration-ms="3791" status="PASS">
          <params>
            <param index="0">
              <value>
                <![CDATA[kira]]>
              </value>
            </param>
            <param index="1">
              <value>
                <![CDATA[abcde]]>
              </value>
            </param>
          </params>
          <reporter-output>
          </reporter-output>
        </test-method> <!-- verifyUserWithInvalidData -->
        <test-method signature="verifyUserWithInvalidData(java.lang.String,java.lang.String)[pri:0, instance:testCases.LogInTestCases@384ad17b]" started-at="2023-04-09T18:19:13 IST" name="verifyUserWithInvalidData" description="verify with invalid crediantial" data-provider="readData" finished-at="2023-04-09T18:19:14 IST" duration-ms="1811" status="PASS">
          <params>
            <param index="0">
              <value>
                <![CDATA[Admin]]>
              </value>
            </param>
            <param index="1">
              <value>
                <![CDATA[ramaraju]]>
              </value>
            </param>
          </params>
          <reporter-output>
          </reporter-output>
        </test-method> <!-- verifyUserWithInvalidData -->
        <test-method signature="verifyUserWithInvalidData(java.lang.String,java.lang.String)[pri:0, instance:testCases.LogInTestCases@384ad17b]" started-at="2023-04-09T18:19:14 IST" name="verifyUserWithInvalidData" description="verify with invalid crediantial" data-provider="readData" finished-at="2023-04-09T18:19:16 IST" duration-ms="1839" status="PASS">
          <params>
            <param index="0">
              <value>
                <![CDATA[Admin]]>
              </value>
            </param>
            <param index="1">
              <value>
                <![CDATA[admin123]]>
              </value>
            </param>
          </params>
          <reporter-output>
          </reporter-output>
        </test-method> <!-- verifyUserWithInvalidData -->
        <test-method signature="verifyUserWithInvalidData(java.lang.String,java.lang.String)[pri:0, instance:testCases.LogInTestCases@384ad17b]" started-at="2023-04-09T18:19:16 IST" name="verifyUserWithInvalidData" description="verify with invalid crediantial" data-provider="readData" finished-at="2023-04-09T18:19:18 IST" duration-ms="1845" status="PASS">
          <params>
            <param index="0">
              <value>
                <![CDATA[prjwal@gmail.com]]>
              </value>
            </param>
            <param index="1">
              <value>
                <![CDATA[12345]]>
              </value>
            </param>
          </params>
          <reporter-output>
          </reporter-output>
        </test-method> <!-- verifyUserWithInvalidData -->
        <test-method signature="verifyUserWithInvalidData(java.lang.String,java.lang.String)[pri:0, instance:testCases.LogInTestCases@384ad17b]" started-at="2023-04-09T18:19:18 IST" name="verifyUserWithInvalidData" description="verify with invalid crediantial" data-provider="readData" finished-at="2023-04-09T18:19:22 IST" duration-ms="3841" status="PASS">
          <params>
            <param index="0">
              <value>
                <![CDATA[rama@gmail.com]]>
              </value>
            </param>
            <param index="1">
              <value>
                <![CDATA[abcde]]>
              </value>
            </param>
          </params>
          <reporter-output>
          </reporter-output>
        </test-method> <!-- verifyUserWithInvalidData -->
        <test-method signature="verifyUserWithInvalidData(java.lang.String,java.lang.String)[pri:0, instance:testCases.LogInTestCases@384ad17b]" started-at="2023-04-09T18:19:22 IST" name="verifyUserWithInvalidData" description="verify with invalid crediantial" data-provider="readData" finished-at="2023-04-09T18:19:24 IST" duration-ms="2464" status="PASS">
          <params>
            <param index="0">
              <value>
                <![CDATA[Rama@123]]>
              </value>
            </param>
            <param index="1">
              <value>
                <![CDATA[rama111]]>
              </value>
            </param>
          </params>
          <reporter-output>
          </reporter-output>
        </test-method> <!-- verifyUserWithInvalidData -->
        <test-method signature="verifyUserWithInvalidData(java.lang.String,java.lang.String)[pri:0, instance:testCases.LogInTestCases@384ad17b]" started-at="2023-04-09T18:19:24 IST" name="verifyUserWithInvalidData" description="verify with invalid crediantial" data-provider="readData" finished-at="2023-04-09T18:19:27 IST" duration-ms="2917" status="PASS">
          <params>
            <param index="0">
              <value>
                <![CDATA[kira@abc]]>
              </value>
            </param>
            <param index="1">
              <value>
                <![CDATA[kira@111]]>
              </value>
            </param>
          </params>
          <reporter-output>
          </reporter-output>
        </test-method> <!-- verifyUserWithInvalidData -->
        <test-method signature="verifyWithValidUser()[pri:0, instance:testCases.LogInTestCases@384ad17b]" started-at="2023-04-09T18:19:27 IST" name="verifyWithValidUser" description="verifying valid userName and Password" finished-at="2023-04-09T18:19:32 IST" duration-ms="4246" status="PASS">
          <reporter-output>
          </reporter-output>
        </test-method> <!-- verifyWithValidUser -->
      </class> <!-- testCases.LogInTestCases -->
      <class name="testCases.MakeAppointmentTestCase">
        <test-method signature="makeAppointmentEndToEnd()[pri:0, instance:testCases.MakeAppointmentTestCase@dbf57b3]" started-at="2023-04-09T18:18:42 IST" name="makeAppointmentEndToEnd" description="Make Appointment End to End Test Case basic flow" finished-at="2023-04-09T18:18:46 IST" duration-ms="3945" status="PASS">
          <reporter-output>
          </reporter-output>
        </test-method> <!-- makeAppointmentEndToEnd -->
        <test-method signature="makeAppointmentEndToEndAlternetFlow()[pri:0, instance:testCases.MakeAppointmentTestCase@dbf57b3]" started-at="2023-04-09T18:18:46 IST" name="makeAppointmentEndToEndAlternetFlow" description="Make Appointment End to End Test Case Alternet  flow" finished-at="2023-04-09T18:18:51 IST" duration-ms="4801" status="PASS">
          <reporter-output>
          </reporter-output>
        </test-method> <!-- makeAppointmentEndToEndAlternetFlow -->
      </class> <!-- testCases.MakeAppointmentTestCase -->
      <class name="testCases.HistoryTestCases">
        <test-method signature="HistoryEndToEnd()[pri:0, instance:testCases.HistoryTestCases@123ef382]" started-at="2023-04-09T18:18:36 IST" name="HistoryEndToEnd" description="Histry Page End To End Test Cases" finished-at="2023-04-09T18:18:38 IST" duration-ms="2827" status="PASS">
          <reporter-output>
          </reporter-output>
        </test-method> <!-- HistoryEndToEnd -->
        <test-method signature="addingAppointmtDisplyInHisty()[pri:0, instance:testCases.HistoryTestCases@123ef382]" started-at="2023-04-09T18:18:38 IST" name="addingAppointmtDisplyInHisty" description="Verify Added Appointment Displayed in History Page" finished-at="2023-04-09T18:18:42 IST" duration-ms="3658" status="PASS">
          <reporter-output>
          </reporter-output>
        </test-method> <!-- addingAppointmtDisplyInHisty -->
      </class> <!-- testCases.HistoryTestCases -->
    </test> <!-- Test -->
  </suite> <!-- HealthCura -->
</testng-results>
